<?xml version="1.0" encoding="UTF-8"?>
<!-- Generated by org.testng.reporters.JUnitReportReporter -->
<testsuite hostname="DESKTOP-MVA4UUR" name="com.qa.test.GetApiTest" tests="1" failures="0" timestamp="7 Dec 2018 05:06:00 GMT" time="1.636" errors="0">
  <testcase name="gettest" time="1.636" classname="com.qa.test.GetApiTest"/>
</testsuite> <!-- com.qa.test.GetApiTest -->
